<?xml version="1.0" encoding="UTF-8"?>
<!-- Generated by org.testng.reporters.JUnitReportReporter -->
<testsuite hostname="Shwetha" failures="0" tests="2" name="testNGPractice.DataProviderEx3" time="25.784" errors="0" timestamp="2024-09-05T17:41:48 IST" skipped="0">
  <testcase classname="testNGPractice.DataProviderEx3" name="organisationModuleTest" time="12.164"/>
  <testcase classname="testNGPractice.DataProviderEx3" name="organisationModuleTest" time="13.620"/>
</testsuite> <!-- testNGPractice.DataProviderEx3 -->
