<?xml version="1.0" encoding="UTF-8"?>
<!-- Generated by org.testng.reporters.JUnitReportReporter -->
<testsuite hostname="Shwetha" failures="0" tests="5" name="testNGPractice.Sample" time="0.010" errors="0" timestamp="2024-09-05T16:24:03 IST" skipped="0">
  <testcase classname="testNGPractice.Sample" name="modifyContact" time="0.001"/>
  <testcase classname="testNGPractice.Sample" name="deleteContact" time="0.000"/>
  <testcase classname="testNGPractice.Sample" name="createContact" time="0.001"/>
  <testcase classname="testNGPractice.Sample" name="createContact" time="0.008"/>
  <testcase classname="testNGPractice.Sample" name="createContact" time="0.000"/>
</testsuite> <!-- testNGPractice.Sample -->
