<?xml version="1.0" encoding="UTF-8"?>
<!-- Generated by org.testng.reporters.JUnitReportReporter -->
<testsuite hostname="Shwetha" failures="0" tests="3" name="testNGPractice.DataProviderEx1" time="0.019" errors="0" timestamp="2024-09-05T16:57:41 IST" skipped="0">
  <testcase classname="testNGPractice.DataProviderEx1" name="bookTickets" time="0.002"/>
  <testcase classname="testNGPractice.DataProviderEx1" name="bookTickets" time="0.003"/>
  <testcase classname="testNGPractice.DataProviderEx1" name="bookTickets" time="0.014"/>
</testsuite> <!-- testNGPractice.DataProviderEx1 -->
