<?xml version="1.0" encoding="UTF-8"?>
<!-- Generated by org.testng.reporters.JUnitReportReporter -->
<testsuite hostname="Shwetha" failures="0" tests="2" name="testNGPractice.DataProviderEx2" time="0.015" errors="0" timestamp="2024-09-05T17:04:05 IST" skipped="0">
  <testcase classname="testNGPractice.DataProviderEx2" name="bookTickets" time="0.002"/>
  <testcase classname="testNGPractice.DataProviderEx2" name="bookTickets" time="0.013"/>
</testsuite> <!-- testNGPractice.DataProviderEx2 -->
