<?xml version="1.0" encoding="UTF-8"?>
<!-- Generated by org.testng.reporters.JUnitReportReporter -->
<testsuite hostname="Shwetha" failures="0" tests="3" name="testNGPractice.DataProviderEx4OrgDetailsFromExcel" time="35.331" errors="0" timestamp="2024-09-05T17:51:16 IST" skipped="0">
  <testcase classname="testNGPractice.DataProviderEx4OrgDetailsFromExcel" name="organizationModuleTest" time="13.477"/>
  <testcase classname="testNGPractice.DataProviderEx4OrgDetailsFromExcel" name="organizationModuleTest" time="11.361"/>
  <testcase classname="testNGPractice.DataProviderEx4OrgDetailsFromExcel" name="organizationModuleTest" time="10.493"/>
</testsuite> <!-- testNGPractice.DataProviderEx4OrgDetailsFromExcel -->
